<?xml version="1.0" encoding="UTF-8"?>
<!-- Generated by org.testng.reporters.JUnitReportReporter -->
<testsuite hostname="Vishal" failures="0" tests="1" name="Runner.Runner" time="68.352" errors="0" timestamp="2025-04-21T10:44:07 IST" skipped="0">
  <testcase classname="Runner.Runner" name="runScenario" time="68.352"/>
</testsuite> <!-- Runner.Runner -->
